Apache Maven 3.0.4 (r1232337; 2012-01-17 16:44:56+0800)
Maven home: C:\app\apache-maven-3.0.4
Java version: 1.7.0_04, vendor: Oracle Corporation
Java home: C:\app\java\jdk1.7.0_04\jre
Default locale: en_PH, platform encoding: Cp1252
OS name: "windows 7", version: "6.1", arch: "amd64", family: "windows"
[INFO] Error stacktraces are turned on.
[DEBUG] Reading global settings from C:\app\apache-maven-3.0.4\conf\settings.xml
[DEBUG] Reading user settings from C:\Users\Allan.See\.m2\settings.xml
[DEBUG] Using local repository at C:\Users\Allan.See\.m2\repository
[DEBUG] Using manager EnhancedLocalRepositoryManager with priority 10 for C:\Users\Allan.See\.m2\repository
[INFO] Scanning for projects...
[DEBUG] Extension realms for project sample.cargo:glassfish-does-not-shutdown-after-ctrl-c-while-in-cargo-run-in-windows:war:1.0-SNAPSHOT: (none)
[DEBUG] Looking up lifecyle mappings for packaging war from ClassRealm[plexus.core, parent: null]
[DEBUG] === REACTOR BUILD PLAN ================================================
[DEBUG] Project: sample.cargo:glassfish-does-not-shutdown-after-ctrl-c-while-in-cargo-run-in-windows:war:1.0-SNAPSHOT
[DEBUG] Tasks:   [clean, package]
[DEBUG] Style:   Regular
[DEBUG] =======================================================================
[INFO]                                                                         
[INFO] ------------------------------------------------------------------------
[INFO] Building Maven Webapp 1.0-SNAPSHOT
[INFO] ------------------------------------------------------------------------
[DEBUG] Lifecycle default -> [validate, initialize, generate-sources, process-sources, generate-resources, process-resources, compile, process-classes, generate-test-sources, process-test-sources, generate-test-resources, process-test-resources, test-compile, process-test-classes, test, prepare-package, package, pre-integration-test, integration-test, post-integration-test, verify, install, deploy]
[DEBUG] Lifecycle clean -> [pre-clean, clean, post-clean]
[DEBUG] Lifecycle site -> [pre-site, site, post-site, site-deploy]
[DEBUG] Lifecycle default -> [validate, initialize, generate-sources, process-sources, generate-resources, process-resources, compile, process-classes, generate-test-sources, process-test-sources, generate-test-resources, process-test-resources, test-compile, process-test-classes, test, prepare-package, package, pre-integration-test, integration-test, post-integration-test, verify, install, deploy]
[DEBUG] Lifecycle clean -> [pre-clean, clean, post-clean]
[DEBUG] Lifecycle site -> [pre-site, site, post-site, site-deploy]
[DEBUG] Lifecycle default -> [validate, initialize, generate-sources, process-sources, generate-resources, process-resources, compile, process-classes, generate-test-sources, process-test-sources, generate-test-resources, process-test-resources, test-compile, process-test-classes, test, prepare-package, package, pre-integration-test, integration-test, post-integration-test, verify, install, deploy]
[DEBUG] Lifecycle clean -> [pre-clean, clean, post-clean]
[DEBUG] Lifecycle site -> [pre-site, site, post-site, site-deploy]
[DEBUG] Lifecycle default -> [validate, initialize, generate-sources, process-sources, generate-resources, process-resources, compile, process-classes, generate-test-sources, process-test-sources, generate-test-resources, process-test-resources, test-compile, process-test-classes, test, prepare-package, package, pre-integration-test, integration-test, post-integration-test, verify, install, deploy]
[DEBUG] Lifecycle clean -> [pre-clean, clean, post-clean]
[DEBUG] Lifecycle site -> [pre-site, site, post-site, site-deploy]
[DEBUG] Lifecycle default -> [validate, initialize, generate-sources, process-sources, generate-resources, process-resources, compile, process-classes, generate-test-sources, process-test-sources, generate-test-resources, process-test-resources, test-compile, process-test-classes, test, prepare-package, package, pre-integration-test, integration-test, post-integration-test, verify, install, deploy]
[DEBUG] Lifecycle clean -> [pre-clean, clean, post-clean]
[DEBUG] Lifecycle site -> [pre-site, site, post-site, site-deploy]
[DEBUG] Lifecycle default -> [validate, initialize, generate-sources, process-sources, generate-resources, process-resources, compile, process-classes, generate-test-sources, process-test-sources, generate-test-resources, process-test-resources, test-compile, process-test-classes, test, prepare-package, package, pre-integration-test, integration-test, post-integration-test, verify, install, deploy]
[DEBUG] Lifecycle clean -> [pre-clean, clean, post-clean]
[DEBUG] Lifecycle site -> [pre-site, site, post-site, site-deploy]
[DEBUG] Lifecycle default -> [validate, initialize, generate-sources, process-sources, generate-resources, process-resources, compile, process-classes, generate-test-sources, process-test-sources, generate-test-resources, process-test-resources, test-compile, process-test-classes, test, prepare-package, package, pre-integration-test, integration-test, post-integration-test, verify, install, deploy]
[DEBUG] Lifecycle clean -> [pre-clean, clean, post-clean]
[DEBUG] Lifecycle site -> [pre-site, site, post-site, site-deploy]
[DEBUG] Lifecycle default -> [validate, initialize, generate-sources, process-sources, generate-resources, process-resources, compile, process-classes, generate-test-sources, process-test-sources, generate-test-resources, process-test-resources, test-compile, process-test-classes, test, prepare-package, package, pre-integration-test, integration-test, post-integration-test, verify, install, deploy]
[DEBUG] Lifecycle clean -> [pre-clean, clean, post-clean]
[DEBUG] Lifecycle site -> [pre-site, site, post-site, site-deploy]
[DEBUG] Lifecycle default -> [validate, initialize, generate-sources, process-sources, generate-resources, process-resources, compile, process-classes, generate-test-sources, process-test-sources, generate-test-resources, process-test-resources, test-compile, process-test-classes, test, prepare-package, package, pre-integration-test, integration-test, post-integration-test, verify, install, deploy]
[DEBUG] Lifecycle clean -> [pre-clean, clean, post-clean]
[DEBUG] Lifecycle site -> [pre-site, site, post-site, site-deploy]
[DEBUG] === PROJECT BUILD PLAN ================================================
[DEBUG] Project:       sample.cargo:glassfish-does-not-shutdown-after-ctrl-c-while-in-cargo-run-in-windows:1.0-SNAPSHOT
[DEBUG] Dependencies (collect): []
[DEBUG] Dependencies (resolve): [compile, runtime, test]
[DEBUG] Repositories (dependencies): [central (http://repo.maven.apache.org/maven2, releases)]
[DEBUG] Repositories (plugins)     : [central (http://repo.maven.apache.org/maven2, releases)]
[DEBUG] -----------------------------------------------------------------------
[DEBUG] Goal:          org.apache.maven.plugins:maven-clean-plugin:2.4.1:clean (default-clean)
[DEBUG] Style:         Regular
[DEBUG] Configuration: <?xml version="1.0" encoding="UTF-8"?>
<configuration>
  <directory default-value="${project.build.directory}"/>
  <excludeDefaultDirectories default-value="false">${clean.excludeDefaultDirectories}</excludeDefaultDirectories>
  <failOnError default-value="true">${maven.clean.failOnError}</failOnError>
  <followSymLinks default-value="false">${clean.followSymLinks}</followSymLinks>
  <outputDirectory default-value="${project.build.outputDirectory}"/>
  <reportDirectory default-value="${project.reporting.outputDirectory}"/>
  <skip default-value="false">${clean.skip}</skip>
  <testOutputDirectory default-value="${project.build.testOutputDirectory}"/>
  <verbose>${clean.verbose}</verbose>
</configuration>
[DEBUG] -----------------------------------------------------------------------
[DEBUG] Goal:          org.apache.maven.plugins:maven-resources-plugin:2.5:resources (default-resources)
[DEBUG] Style:         Regular
[DEBUG] Configuration: <?xml version="1.0" encoding="UTF-8"?>
<configuration>
  <buildFilters default-value="${project.build.filters}"/>
  <encoding default-value="${project.build.sourceEncoding}">${encoding}</encoding>
  <escapeString>${maven.resources.escapeString}</escapeString>
  <escapeWindowsPaths default-value="true">${maven.resources.escapeWindowsPaths}</escapeWindowsPaths>
  <includeEmptyDirs default-value="false">${maven.resources.includeEmptyDirs}</includeEmptyDirs>
  <outputDirectory default-value="${project.build.outputDirectory}"/>
  <overwrite default-value="false">${maven.resources.overwrite}</overwrite>
  <project default-value="${project}"/>
  <resources default-value="${project.resources}"/>
  <session default-value="${session}"/>
  <supportMultiLineFiltering default-value="false">${maven.resources.supportMultiLineFiltering}</supportMultiLineFiltering>
  <useBuildFilters default-value="true"/>
  <useDefaultDelimiters default-value="true"/>
</configuration>
[DEBUG] -----------------------------------------------------------------------
[DEBUG] Goal:          org.apache.maven.plugins:maven-compiler-plugin:2.3.2:compile (default-compile)
[DEBUG] Style:         Regular
[DEBUG] Configuration: <?xml version="1.0" encoding="UTF-8"?>
<configuration>
  <basedir default-value="${basedir}"/>
  <buildDirectory default-value="${project.build.directory}"/>
  <classpathElements default-value="${project.compileClasspathElements}"/>
  <compileSourceRoots default-value="${project.compileSourceRoots}"/>
  <compilerId default-value="javac">${maven.compiler.compilerId}</compilerId>
  <compilerVersion>${maven.compiler.compilerVersion}</compilerVersion>
  <debug default-value="true">${maven.compiler.debug}</debug>
  <debuglevel>${maven.compiler.debuglevel}</debuglevel>
  <encoding default-value="${project.build.sourceEncoding}">${encoding}</encoding>
  <executable>${maven.compiler.executable}</executable>
  <failOnError default-value="true">${maven.compiler.failOnError}</failOnError>
  <fork default-value="false">${maven.compiler.fork}</fork>
  <generatedSourcesDirectory default-value="${project.build.directory}/generated-sources/annotations"/>
  <maxmem>${maven.compiler.maxmem}</maxmem>
  <meminitial>${maven.compiler.meminitial}</meminitial>
  <optimize default-value="false">${maven.compiler.optimize}</optimize>
  <outputDirectory default-value="${project.build.outputDirectory}"/>
  <outputFileName>${project.build.finalName}</outputFileName>
  <projectArtifact default-value="${project.artifact}"/>
  <session default-value="${session}"/>
  <showDeprecation default-value="false">${maven.compiler.showDeprecation}</showDeprecation>
  <showWarnings default-value="false">${maven.compiler.showWarnings}</showWarnings>
  <source default-value="1.5">${maven.compiler.source}</source>
  <staleMillis default-value="0">${lastModGranularityMs}</staleMillis>
  <target default-value="1.5">${maven.compiler.target}</target>
  <verbose default-value="false">${maven.compiler.verbose}</verbose>
</configuration>
[DEBUG] -----------------------------------------------------------------------
[DEBUG] Goal:          org.apache.maven.plugins:maven-resources-plugin:2.5:testResources (default-testResources)
[DEBUG] Style:         Regular
[DEBUG] Configuration: <?xml version="1.0" encoding="UTF-8"?>
<configuration>
  <buildFilters default-value="${project.build.filters}"/>
  <encoding default-value="${project.build.sourceEncoding}">${encoding}</encoding>
  <escapeString>${maven.resources.escapeString}</escapeString>
  <escapeWindowsPaths default-value="true">${maven.resources.escapeWindowsPaths}</escapeWindowsPaths>
  <includeEmptyDirs default-value="false">${maven.resources.includeEmptyDirs}</includeEmptyDirs>
  <outputDirectory>${project.build.testOutputDirectory}</outputDirectory>
  <overwrite default-value="false">${maven.resources.overwrite}</overwrite>
  <project default-value="${project}"/>
  <resources>${project.testResources}</resources>
  <session default-value="${session}"/>
  <supportMultiLineFiltering default-value="false">${maven.resources.supportMultiLineFiltering}</supportMultiLineFiltering>
  <useBuildFilters default-value="true"/>
  <useDefaultDelimiters default-value="true"/>
</configuration>
[DEBUG] -----------------------------------------------------------------------
[DEBUG] Goal:          org.apache.maven.plugins:maven-compiler-plugin:2.3.2:testCompile (default-testCompile)
[DEBUG] Style:         Regular
[DEBUG] Configuration: <?xml version="1.0" encoding="UTF-8"?>
<configuration>
  <basedir default-value="${basedir}"/>
  <buildDirectory default-value="${project.build.directory}"/>
  <classpathElements default-value="${project.testClasspathElements}"/>
  <compileSourceRoots default-value="${project.testCompileSourceRoots}"/>
  <compilerId default-value="javac">${maven.compiler.compilerId}</compilerId>
  <compilerVersion>${maven.compiler.compilerVersion}</compilerVersion>
  <debug default-value="true">${maven.compiler.debug}</debug>
  <debuglevel>${maven.compiler.debuglevel}</debuglevel>
  <encoding default-value="${project.build.sourceEncoding}">${encoding}</encoding>
  <executable>${maven.compiler.executable}</executable>
  <failOnError default-value="true">${maven.compiler.failOnError}</failOnError>
  <fork default-value="false">${maven.compiler.fork}</fork>
  <generatedTestSourcesDirectory default-value="${project.build.directory}/generated-sources/test-annotations"/>
  <maxmem>${maven.compiler.maxmem}</maxmem>
  <meminitial>${maven.compiler.meminitial}</meminitial>
  <optimize default-value="false">${maven.compiler.optimize}</optimize>
  <outputDirectory default-value="${project.build.testOutputDirectory}"/>
  <outputFileName>${project.build.finalName}</outputFileName>
  <session default-value="${session}"/>
  <showDeprecation default-value="false">${maven.compiler.showDeprecation}</showDeprecation>
  <showWarnings default-value="false">${maven.compiler.showWarnings}</showWarnings>
  <skip>${maven.test.skip}</skip>
  <source default-value="1.5">${maven.compiler.source}</source>
  <staleMillis default-value="0">${lastModGranularityMs}</staleMillis>
  <target default-value="1.5">${maven.compiler.target}</target>
  <testSource>${maven.compiler.testSource}</testSource>
  <testTarget>${maven.compiler.testTarget}</testTarget>
  <verbose default-value="false">${maven.compiler.verbose}</verbose>
</configuration>
[DEBUG] -----------------------------------------------------------------------
[DEBUG] Goal:          org.apache.maven.plugins:maven-surefire-plugin:2.8:test (default-test)
[DEBUG] Style:         Regular
[DEBUG] Configuration: <?xml version="1.0" encoding="UTF-8"?>
<configuration>
  <argLine>${argLine}</argLine>
  <basedir default-value="${basedir}"/>
  <childDelegation default-value="false">${childDelegation}</childDelegation>
  <classesDirectory default-value="${project.build.outputDirectory}"/>
  <debugForkedProcess>${maven.surefire.debug}</debugForkedProcess>
  <disableXmlReport default-value="false">${disableXmlReport}</disableXmlReport>
  <enableAssertions default-value="true">${enableAssertions}</enableAssertions>
  <excludedGroups>${excludedGroups}</excludedGroups>
  <failIfNoTests>${failIfNoTests}</failIfNoTests>
  <forkMode default-value="once">${forkMode}</forkMode>
  <forkedProcessTimeoutInSeconds>${surefire.timeout}</forkedProcessTimeoutInSeconds>
  <groups>${groups}</groups>
  <junitArtifactName default-value="junit:junit">${junitArtifactName}</junitArtifactName>
  <jvm>${jvm}</jvm>
  <localRepository>${localRepository}</localRepository>
  <objectFactory>${objectFactory}</objectFactory>
  <parallel>${parallel}</parallel>
  <parallelMavenExecution default-value="${session.parallel}"/>
  <perCoreThreadCount default-value="true">${perCoreThreadCount}</perCoreThreadCount>
  <pluginArtifactMap>${plugin.artifactMap}</pluginArtifactMap>
  <printSummary default-value="true">${surefire.printSummary}</printSummary>
  <project default-value="${project}"/>
  <projectArtifactMap>${project.artifactMap}</projectArtifactMap>
  <redirectTestOutputToFile default-value="false">${maven.test.redirectTestOutputToFile}</redirectTestOutputToFile>
  <remoteRepositories>${project.pluginArtifactRepositories}</remoteRepositories>
  <reportFormat default-value="brief">${surefire.reportFormat}</reportFormat>
  <reportsDirectory default-value="${project.build.directory}/surefire-reports"/>
  <runOrder default-value="filesystem"/>
  <session>${session}</session>
  <skip default-value="false">${maven.test.skip}</skip>
  <skipExec>${maven.test.skip.exec}</skipExec>
  <skipTests default-value="false">${skipTests}</skipTests>
  <test>${test}</test>
  <testClassesDirectory default-value="${project.build.testOutputDirectory}"/>
  <testFailureIgnore default-value="false">${maven.test.failure.ignore}</testFailureIgnore>
  <testNGArtifactName default-value="org.testng:testng">${testNGArtifactName}</testNGArtifactName>
  <testSourceDirectory default-value="${project.build.testSourceDirectory}"/>
  <threadCount>${threadCount}</threadCount>
  <trimStackTrace default-value="true">${trimStackTrace}</trimStackTrace>
  <useFile default-value="true">${surefire.useFile}</useFile>
  <useManifestOnlyJar default-value="true">${surefire.useManifestOnlyJar}</useManifestOnlyJar>
  <useSystemClassLoader default-value="true">${surefire.useSystemClassLoader}</useSystemClassLoader>
  <useUnlimitedThreads default-value="false">${useUnlimitedThreads}</useUnlimitedThreads>
  <workingDirectory>${basedir}</workingDirectory>
</configuration>
[DEBUG] -----------------------------------------------------------------------
[DEBUG] Goal:          org.apache.maven.plugins:maven-war-plugin:2.1.1:war (default-war)
[DEBUG] Style:         Regular
[DEBUG] Configuration: <?xml version="1.0" encoding="UTF-8"?>
<configuration>
  <archiveClasses default-value="false">${archiveClasses}</archiveClasses>
  <attachClasses default-value="false"/>
  <cacheFile default-value="${project.build.directory}/war/work/webapp-cache.xml"/>
  <classesClassifier default-value="classes"/>
  <classesDirectory default-value="${project.build.outputDirectory}"/>
  <containerConfigXML>${maven.war.containerConfigXML}</containerConfigXML>
  <escapeString>${maven.war.escapeString}</escapeString>
  <escapedBackslashesInFilePath default-value="false">${maven.war.escapedBackslashesInFilePath}</escapedBackslashesInFilePath>
  <failOnMissingWebXml default-value="true">${failOnMissingWebXml}</failOnMissingWebXml>
  <filteringDeploymentDescriptors default-value="false">${maven.war.filteringDeploymentDescriptors}</filteringDeploymentDescriptors>
  <outputDirectory default-value="${project.build.directory}"/>
  <primaryArtifact default-value="true">${primaryArtifact}</primaryArtifact>
  <project default-value="${project}"/>
  <session default-value="${session}"/>
  <useCache default-value="false">${useCache}</useCache>
  <warName default-value="${project.build.finalName}"/>
  <warSourceDirectory default-value="${basedir}/src/main/webapp"/>
  <warSourceIncludes default-value="**"/>
  <webXml>${maven.war.webxml}</webXml>
  <webappDirectory default-value="${project.build.directory}/${project.build.finalName}"/>
  <workDirectory default-value="${project.build.directory}/war/work"/>
</configuration>
[DEBUG] =======================================================================
[DEBUG] sample.cargo:glassfish-does-not-shutdown-after-ctrl-c-while-in-cargo-run-in-windows:war:1.0-SNAPSHOT
[DEBUG]    junit:junit:jar:3.8.1:test
[INFO] 
[INFO] --- maven-clean-plugin:2.4.1:clean (default-clean) @ glassfish-does-not-shutdown-after-ctrl-c-while-in-cargo-run-in-windows ---
[DEBUG] Created new class realm maven.api
[DEBUG] Importing foreign packages into class realm maven.api
[DEBUG]   Imported: org.apache.maven.wagon.events < plexus.core
[DEBUG]   Imported: org.sonatype.aether.transfer < plexus.core
[DEBUG]   Imported: org.apache.maven.exception < plexus.core
[DEBUG]   Imported: org.sonatype.aether.metadata < plexus.core
[DEBUG]   Imported: org.codehaus.plexus.util.xml.Xpp3Dom < plexus.core
[DEBUG]   Imported: org.sonatype.aether.collection < plexus.core
[DEBUG]   Imported: org.sonatype.aether.version < plexus.core
[DEBUG]   Imported: org.apache.maven.monitor < plexus.core
[DEBUG]   Imported: org.apache.maven.wagon.repository < plexus.core
[DEBUG]   Imported: org.apache.maven.repository < plexus.core
[DEBUG]   Imported: org.apache.maven.wagon.resource < plexus.core
[DEBUG]   Imported: org.codehaus.plexus.logging < plexus.core
[DEBUG]   Imported: org.apache.maven.profiles < plexus.core
[DEBUG]   Imported: org.sonatype.aether.repository < plexus.core
[DEBUG]   Imported: org.apache.maven.classrealm < plexus.core
[DEBUG]   Imported: org.apache.maven.execution < plexus.core
[DEBUG]   Imported: org.sonatype.aether.artifact < plexus.core
[DEBUG]   Imported: org.sonatype.aether.spi < plexus.core
[DEBUG]   Imported: org.apache.maven.reporting < plexus.core
[DEBUG]   Imported: org.apache.maven.usability < plexus.core
[DEBUG]   Imported: org.codehaus.plexus.container < plexus.core
[DEBUG]   Imported: org.codehaus.plexus.component < plexus.core
[DEBUG]   Imported: org.codehaus.plexus.util.xml.pull.XmlSerializer < plexus.core
[DEBUG]   Imported: org.apache.maven.wagon.authentication < plexus.core
[DEBUG]   Imported: org.apache.maven.lifecycle < plexus.core
[DEBUG]   Imported: org.codehaus.plexus.classworlds < plexus.core
[DEBUG]   Imported: org.sonatype.aether.graph < plexus.core
[DEBUG]   Imported: org.sonatype.aether.* < plexus.core
[DEBUG]   Imported: org.apache.maven.settings < plexus.core
[DEBUG]   Imported: org.codehaus.classworlds < plexus.core
[DEBUG]   Imported: org.sonatype.aether.impl < plexus.core
[DEBUG]   Imported: org.apache.maven.wagon.* < plexus.core
[DEBUG]   Imported: org.apache.maven.toolchain < plexus.core
[DEBUG]   Imported: org.sonatype.aether.deployment < plexus.core
[DEBUG]   Imported: org.apache.maven.wagon.observers < plexus.core
[DEBUG]   Imported: org.codehaus.plexus.util.xml.pull.XmlPullParserException < plexus.core
[DEBUG]   Imported: org.codehaus.plexus.util.xml.pull.XmlPullParser < plexus.core
[DEBUG]   Imported: org.apache.maven.configuration < plexus.core
[DEBUG]   Imported: org.apache.maven.cli < plexus.core
[DEBUG]   Imported: org.sonatype.aether.installation < plexus.core
[DEBUG]   Imported: org.codehaus.plexus.context < plexus.core
[DEBUG]   Imported: org.apache.maven.wagon.authorization < plexus.core
[DEBUG]   Imported: org.apache.maven.project < plexus.core
[DEBUG]   Imported: org.apache.maven.rtinfo < plexus.core
[DEBUG]   Imported: org.codehaus.plexus.lifecycle < plexus.core
[DEBUG]   Imported: org.codehaus.plexus.configuration < plexus.core
[DEBUG]   Imported: org.apache.maven.artifact < plexus.core
[DEBUG]   Imported: org.apache.maven.model < plexus.core
[DEBUG]   Imported: org.apache.maven.* < plexus.core
[DEBUG]   Imported: org.apache.maven.wagon.proxy < plexus.core
[DEBUG]   Imported: org.sonatype.aether.resolution < plexus.core
[DEBUG]   Imported: org.apache.maven.plugin < plexus.core
[DEBUG]   Imported: org.codehaus.plexus.* < plexus.core
[DEBUG]   Imported: org.codehaus.plexus.personality < plexus.core
[DEBUG] Populating class realm maven.api
[DEBUG] org.apache.maven.plugins:maven-clean-plugin:jar:2.4.1:
[DEBUG]    org.apache.maven:maven-plugin-api:jar:2.0.6:compile
[DEBUG]    org.codehaus.plexus:plexus-utils:jar:2.0.5:compile
[DEBUG] Created new class realm plugin>org.apache.maven.plugins:maven-clean-plugin:2.4.1
[DEBUG] Importing foreign packages into class realm plugin>org.apache.maven.plugins:maven-clean-plugin:2.4.1
[DEBUG]   Imported:  < maven.api
[DEBUG] Populating class realm plugin>org.apache.maven.plugins:maven-clean-plugin:2.4.1
[DEBUG]   Included: org.apache.maven.plugins:maven-clean-plugin:jar:2.4.1
[DEBUG]   Included: org.codehaus.plexus:plexus-utils:jar:2.0.5
[DEBUG]   Excluded: org.apache.maven:maven-plugin-api:jar:2.0.6
[DEBUG] Configuring mojo org.apache.maven.plugins:maven-clean-plugin:2.4.1:clean from plugin realm ClassRealm[plugin>org.apache.maven.plugins:maven-clean-plugin:2.4.1, parent: sun.misc.Launcher$AppClassLoader@543a586d]
[DEBUG] Configuring mojo 'org.apache.maven.plugins:maven-clean-plugin:2.4.1:clean' with basic configurator -->
[DEBUG]   (f) directory = C:\src\glassfish-does-not-shutdown-after-ctrl-c-while-in-cargo-run-in-windows\target
[DEBUG]   (f) excludeDefaultDirectories = false
[DEBUG]   (f) failOnError = true
[DEBUG]   (f) followSymLinks = false
[DEBUG]   (f) outputDirectory = C:\src\glassfish-does-not-shutdown-after-ctrl-c-while-in-cargo-run-in-windows\target\classes
[DEBUG]   (f) reportDirectory = C:\src\glassfish-does-not-shutdown-after-ctrl-c-while-in-cargo-run-in-windows\target\site
[DEBUG]   (f) skip = false
[DEBUG]   (f) testOutputDirectory = C:\src\glassfish-does-not-shutdown-after-ctrl-c-while-in-cargo-run-in-windows\target\test-classes
[DEBUG] -- end configuration --
[DEBUG] Skipping non-existing directory C:\src\glassfish-does-not-shutdown-after-ctrl-c-while-in-cargo-run-in-windows\target
[DEBUG] Skipping non-existing directory C:\src\glassfish-does-not-shutdown-after-ctrl-c-while-in-cargo-run-in-windows\target\classes
[DEBUG] Skipping non-existing directory C:\src\glassfish-does-not-shutdown-after-ctrl-c-while-in-cargo-run-in-windows\target\test-classes
[DEBUG] Skipping non-existing directory C:\src\glassfish-does-not-shutdown-after-ctrl-c-while-in-cargo-run-in-windows\target\site
[INFO] 
[INFO] --- maven-resources-plugin:2.5:resources (default-resources) @ glassfish-does-not-shutdown-after-ctrl-c-while-in-cargo-run-in-windows ---
[DEBUG] org.apache.maven.plugins:maven-resources-plugin:jar:2.5:
[DEBUG]    org.apache.maven:maven-plugin-api:jar:2.0.6:compile
[DEBUG]    org.apache.maven:maven-project:jar:2.0.6:compile
[DEBUG]       org.apache.maven:maven-profile:jar:2.0.6:compile
[DEBUG]       org.apache.maven:maven-artifact-manager:jar:2.0.6:compile
[DEBUG]       org.apache.maven:maven-plugin-registry:jar:2.0.6:compile
[DEBUG]    org.apache.maven:maven-core:jar:2.0.6:compile
[DEBUG]       org.apache.maven:maven-plugin-parameter-documenter:jar:2.0.6:compile
[DEBUG]       org.apache.maven.reporting:maven-reporting-api:jar:2.0.6:compile
[DEBUG]          org.apache.maven.doxia:doxia-sink-api:jar:1.0-alpha-7:compile
[DEBUG]       org.apache.maven:maven-repository-metadata:jar:2.0.6:compile
[DEBUG]       org.apache.maven:maven-error-diagnostics:jar:2.0.6:compile
[DEBUG]       commons-cli:commons-cli:jar:1.0:compile
[DEBUG]       org.apache.maven:maven-plugin-descriptor:jar:2.0.6:compile
[DEBUG]       org.codehaus.plexus:plexus-interactivity-api:jar:1.0-alpha-4:compile
[DEBUG]       classworlds:classworlds:jar:1.1:compile
[DEBUG]    org.apache.maven:maven-artifact:jar:2.0.6:compile
[DEBUG]    org.apache.maven:maven-settings:jar:2.0.6:compile
[DEBUG]    org.apache.maven:maven-model:jar:2.0.6:compile
[DEBUG]    org.apache.maven:maven-monitor:jar:2.0.6:compile
[DEBUG]    org.codehaus.plexus:plexus-container-default:jar:1.0-alpha-9-stable-1:compile
[DEBUG]       junit:junit:jar:3.8.1:compile
[DEBUG]    org.codehaus.plexus:plexus-utils:jar:2.0.5:compile
[DEBUG]    org.apache.maven.shared:maven-filtering:jar:1.0:compile
[DEBUG]       org.sonatype.plexus:plexus-build-api:jar:0.0.4:compile
[DEBUG]    org.codehaus.plexus:plexus-interpolation:jar:1.13:compile
[DEBUG] Created new class realm plugin>org.apache.maven.plugins:maven-resources-plugin:2.5
[DEBUG] Importing foreign packages into class realm plugin>org.apache.maven.plugins:maven-resources-plugin:2.5
[DEBUG]   Imported:  < maven.api
[DEBUG] Populating class realm plugin>org.apache.maven.plugins:maven-resources-plugin:2.5
[DEBUG]   Included: org.apache.maven.plugins:maven-resources-plugin:jar:2.5
[DEBUG]   Included: org.apache.maven.reporting:maven-reporting-api:jar:2.0.6
[DEBUG]   Included: org.apache.maven.doxia:doxia-sink-api:jar:1.0-alpha-7
[DEBUG]   Included: commons-cli:commons-cli:jar:1.0
[DEBUG]   Included: org.codehaus.plexus:plexus-interactivity-api:jar:1.0-alpha-4
[DEBUG]   Included: junit:junit:jar:3.8.1
[DEBUG]   Included: org.codehaus.plexus:plexus-utils:jar:2.0.5
[DEBUG]   Included: org.apache.maven.shared:maven-filtering:jar:1.0
[DEBUG]   Included: org.sonatype.plexus:plexus-build-api:jar:0.0.4
[DEBUG]   Included: org.codehaus.plexus:plexus-interpolation:jar:1.13
[DEBUG]   Excluded: org.apache.maven:maven-plugin-api:jar:2.0.6
[DEBUG]   Excluded: org.apache.maven:maven-project:jar:2.0.6
[DEBUG]   Excluded: org.apache.maven:maven-profile:jar:2.0.6
[DEBUG]   Excluded: org.apache.maven:maven-artifact-manager:jar:2.0.6
[DEBUG]   Excluded: org.apache.maven:maven-plugin-registry:jar:2.0.6
[DEBUG]   Excluded: org.apache.maven:maven-core:jar:2.0.6
[DEBUG]   Excluded: org.apache.maven:maven-plugin-parameter-documenter:jar:2.0.6
[DEBUG]   Excluded: org.apache.maven:maven-repository-metadata:jar:2.0.6
[DEBUG]   Excluded: org.apache.maven:maven-error-diagnostics:jar:2.0.6
[DEBUG]   Excluded: org.apache.maven:maven-plugin-descriptor:jar:2.0.6
[DEBUG]   Excluded: classworlds:classworlds:jar:1.1
[DEBUG]   Excluded: org.apache.maven:maven-artifact:jar:2.0.6
[DEBUG]   Excluded: org.apache.maven:maven-settings:jar:2.0.6
[DEBUG]   Excluded: org.apache.maven:maven-model:jar:2.0.6
[DEBUG]   Excluded: org.apache.maven:maven-monitor:jar:2.0.6
[DEBUG]   Excluded: org.codehaus.plexus:plexus-container-default:jar:1.0-alpha-9-stable-1
[DEBUG] Configuring mojo org.apache.maven.plugins:maven-resources-plugin:2.5:resources from plugin realm ClassRealm[plugin>org.apache.maven.plugins:maven-resources-plugin:2.5, parent: sun.misc.Launcher$AppClassLoader@543a586d]
[debug] execute contextualize
[DEBUG] Configuring mojo 'org.apache.maven.plugins:maven-resources-plugin:2.5:resources' with basic configurator -->
[DEBUG]   (f) buildFilters = []
[DEBUG]   (f) encoding = UTF-8
[DEBUG]   (f) escapeWindowsPaths = true
[DEBUG]   (s) includeEmptyDirs = false
[DEBUG]   (s) outputDirectory = C:\src\glassfish-does-not-shutdown-after-ctrl-c-while-in-cargo-run-in-windows\target\classes
[DEBUG]   (s) overwrite = false
[DEBUG]   (f) project = MavenProject: sample.cargo:glassfish-does-not-shutdown-after-ctrl-c-while-in-cargo-run-in-windows:1.0-SNAPSHOT @ C:\src\glassfish-does-not-shutdown-after-ctrl-c-while-in-cargo-run-in-windows\pom.xml
[DEBUG]   (s) resources = [Resource {targetPath: null, filtering: false, FileSet {directory: C:\src\glassfish-does-not-shutdown-after-ctrl-c-while-in-cargo-run-in-windows\src\main\resources, PatternSet [includes: {}, excludes: {}]}}]
[DEBUG]   (f) session = org.apache.maven.execution.MavenSession@7af4e544
[DEBUG]   (f) supportMultiLineFiltering = false
[DEBUG]   (f) useBuildFilters = true
[DEBUG]   (s) useDefaultDelimiters = true
[DEBUG] -- end configuration --
[DEBUG] properties used {java.vendor=Oracle Corporation, env.SYSTEMROOT=C:\Windows, env.MOZ_PLUGIN_PATH=C:\Program Files (x86)\Foxit Software\Foxit Reader\plugins\, env.ORACLE_HOME=C:\app\oracle\product\11.2.0\dbhome_1\, sun.java.launcher=SUN_STANDARD, sun.management.compiler=HotSpot 64-Bit Tiered Compilers, env.PROMPT=$P$G, os.name=Windows 7, env.FP_NO_HOST_CHECK=NO, sun.boot.class.path=C:\app\java\jdk1.7.0_04\jre\lib\resources.jar;C:\app\java\jdk1.7.0_04\jre\lib\rt.jar;C:\app\java\jdk1.7.0_04\jre\lib\sunrsasign.jar;C:\app\java\jdk1.7.0_04\jre\lib\jsse.jar;C:\app\java\jdk1.7.0_04\jre\lib\jce.jar;C:\app\java\jdk1.7.0_04\jre\lib\charsets.jar;C:\app\java\jdk1.7.0_04\jre\lib\jfr.jar;C:\app\java\jdk1.7.0_04\jre\classes, env.COMPUTERNAME=MY-COMPUTER-NAME, env.ALLUSERSPROFILE=C:\ProgramData, sun.desktop=windows, java.vm.specification.vendor=Oracle Corporation, java.runtime.version=1.7.0_04-b22, env.CYGWIN_HOME=C:\cygwin\, servlet.port=8080, env.HOMEPATH=\Users\Allan.See, project.build.sourceEncoding=UTF-8, user.name=Allan.See, maven.build.version=Apache Maven 3.0.4 (r1232337; 2012-01-17 16:44:56+0800), env.PYTHON_HOME=C:\Python27_32\, env.PATH=C:\Program Files\CollabNet\Subversion Client;c:\app\oracle\product\11.2.0\dbhome_1\bin;C:\Windows\system32;C:\Windows;C:\Windows\System32\Wbem;C:\Windows\System32\WindowsPowerShell\v1.0\;C:\Program Files (x86)\Microsoft Application Virtualization Client;C:\Program Files\MySQL\MySQL Server 5.5\bin;C:\EbsTooling\Oracle\Middleware11121\modules\org.apache.ant_1.7.1\bin;C:\app\apache-maven-3.0.4\\bin;C:\app\java\jdk1.7.0_04\bin;C:\Python27_32\;C:\Python27_32\\Scripts;C:\cygwin\\bin;, user.language=en, env.WINDIR=C:\Windows, sun.boot.library.path=C:\app\java\jdk1.7.0_04\jre\bin, classworlds.conf=C:\app\apache-maven-3.0.4\bin\m2.conf, java.version=1.7.0_04, env.PROCESSOR_IDENTIFIER=Intel64 Family 6 Model 42 Stepping 7, GenuineIntel, user.timezone=Asia/Singapore, env.TEMP=C:\Users\Allan.See\AppData\Local\Temp, sun.arch.data.model=64, java.endorsed.dirs=C:\app\java\jdk1.7.0_04\jre\lib\endorsed, sun.cpu.isalist=amd64, env.HOMEDRIVE=C:, sun.jnu.encoding=Cp1252, file.encoding.pkg=sun.io, env.SYSTEMDRIVE=C:, file.separator=\, java.specification.name=Java Platform API Specification, java.class.version=51.0, user.country=PH, java.home=C:\app\java\jdk1.7.0_04\jre, env.APPDATA=C:\Users\Allan.See\AppData\Roaming, env.PUBLIC=C:\Users\Public, java.vm.info=mixed mode, env.OS=Windows_NT, os.version=6.1, env.=::=::\, project.reporting.outputEncoding=UTF-8, path.separator=;, java.vm.version=23.0-b21, user.variant=, env.USERPROFILE=C:\Users\Allan.See, env.JAVA_HOME=C:\app\java\jdk1.7.0_04, java.awt.printerjob=sun.awt.windows.WPrinterJob, env.TMP=C:\Users\Allan.See\AppData\Local\Temp, env.PROGRAMFILES=C:\Program Files, sun.io.unicode.encoding=UnicodeLittle, awt.toolkit=sun.awt.windows.WToolkit, user.script=, user.home=C:\Users\Allan.See, env.COMMONPROGRAMFILES=C:\Program Files\Common Files, env.=EXITCODE=00000000, env.SESSIONNAME=Console, java.specification.vendor=Oracle Corporation, env.M2_HOME=C:\app\apache-maven-3.0.4, env.NUMBER_OF_PROCESSORS=4, java.library.path=C:\app\java\jdk1.7.0_04\bin;C:\Windows\Sun\Java\bin;C:\Windows\system32;C:\Windows;C:\Program Files\CollabNet\Subversion Client;c:\app\oracle\product\11.2.0\dbhome_1\bin;C:\Windows\system32;C:\Windows;C:\Windows\System32\Wbem;C:\Windows\System32\WindowsPowerShell\v1.0\;C:\Program Files (x86)\Microsoft Application Virtualization Client;C:\Program Files\MySQL\MySQL Server 5.5\bin;C:\EbsTooling\Oracle\Middleware11121\modules\org.apache.ant_1.7.1\bin;C:\app\apache-maven-3.0.4\\bin;C:\app\java\jdk1.7.0_04\bin;C:\Python27_32\;C:\Python27_32\\Scripts;C:\cygwin\\bin;;., java.vendor.url=http://java.oracle.com/, env.COMMONPROGRAMFILES(X86)=C:\Program Files (x86)\Common Files, env.USERDNSDOMAIN=MY.COMPANY.CORP, env.PSMODULEPATH=C:\Windows\system32\WindowsPowerShell\v1.0\Modules\, env.CLASSWORLDS_LAUNCHER=org.codehaus.plexus.classworlds.launcher.Launcher, env.MAVEN_CMD_LINE_ARGS=clean package -X, java.vm.vendor=Oracle Corporation, maven.home=C:\app\apache-maven-3.0.4, java.runtime.name=Java(TM) SE Runtime Environment, sun.java.command=org.codehaus.plexus.classworlds.launcher.Launcher clean package -X, java.class.path=C:\app\apache-maven-3.0.4\boot\plexus-classworlds-2.4.jar, env.PROGRAMW6432=C:\Program Files, maven.version=3.0.4, env.PROGRAMFILES(X86)=C:\Program Files (x86), env.MAVEN_JAVA_EXE="C:\app\java\jdk1.7.0_04\bin\java.exe", java.vm.specification.name=Java Virtual Machine Specification, env.LOGONSERVER=\\AP-MNL-DC01, java.vm.specification.version=1.7, env.PROCESSOR_ARCHITECTURE=AMD64, env.COMMONPROGRAMW6432=C:\Program Files\Common Files, sun.cpu.endian=little, sun.os.patch.level=Service Pack 1, env.HOME=C:\Users\Allan.See, env.ANT_HOME=C:\EbsTooling\Oracle\Middleware11121\modules\org.apache.ant_1.7.1, java.io.tmpdir=C:\Users\Allan.See\AppData\Local\Temp\, env.UATDATA=C:\Windows\SysWOW64\CCM\UATData\D9F8C395-CAB8-491d-B8AC-179A1FE1BE77, env.PROCESSOR_REVISION=2a07, java.vendor.url.bug=http://bugreport.sun.com/bugreport/, env.PROGRAMDATA=C:\ProgramData, env.COMSPEC=C:\Windows\system32\cmd.exe, os.arch=amd64, java.awt.graphicsenv=sun.awt.Win32GraphicsEnvironment, env.SFT_SOFTGRIDSERVER=us-voo-appv01.mY.COMPANY.CORP, java.ext.dirs=C:\app\java\jdk1.7.0_04\jre\lib\ext;C:\Windows\Sun\Java\lib\ext, env.LOCALAPPDATA=C:\Users\Allan.See\AppData\Local, user.dir=C:\src\glassfish-does-not-shutdown-after-ctrl-c-while-in-cargo-run-in-windows, line.separator=
, env.CLASSWORLDS_JAR="C:\app\apache-maven-3.0.4\boot\plexus-classworlds-2.4.jar", java.vm.name=Java HotSpot(TM) 64-Bit Server VM, env.PATHEXT=.COM;.EXE;.BAT;.CMD;.VBS;.VBE;.JS;.JSE;.WSF;.WSH;.MSC, env.ERROR_CODE=0, env.USERNAME=Allan.See, file.encoding=Cp1252, env.USERDOMAIN=INTERNAL, java.specification.version=1.7, env.=C:=C:\src\glassfish-does-not-shutdown-after-ctrl-c-while-in-cargo-run-in-windows, env.PROCESSOR_LEVEL=6}
[INFO] Using 'UTF-8' encoding to copy filtered resources.
[DEBUG] resource with targetPath null
directory C:\src\glassfish-does-not-shutdown-after-ctrl-c-while-in-cargo-run-in-windows\src\main\resources
excludes []
includes []
[INFO] skip non existing resourceDirectory C:\src\glassfish-does-not-shutdown-after-ctrl-c-while-in-cargo-run-in-windows\src\main\resources
[DEBUG] no use filter components
[INFO] 
[INFO] --- maven-compiler-plugin:2.3.2:compile (default-compile) @ glassfish-does-not-shutdown-after-ctrl-c-while-in-cargo-run-in-windows ---
[DEBUG] org.apache.maven.plugins:maven-compiler-plugin:jar:2.3.2:
[DEBUG]    org.apache.maven:maven-plugin-api:jar:2.0.6:compile
[DEBUG]    org.apache.maven:maven-artifact:jar:2.0.6:compile
[DEBUG]    org.apache.maven:maven-core:jar:2.0.6:compile
[DEBUG]       org.apache.maven:maven-settings:jar:2.0.6:compile
[DEBUG]       org.apache.maven:maven-plugin-parameter-documenter:jar:2.0.6:compile
[DEBUG]       org.apache.maven:maven-profile:jar:2.0.6:compile
[DEBUG]       org.apache.maven:maven-model:jar:2.0.6:compile
[DEBUG]       org.apache.maven:maven-repository-metadata:jar:2.0.6:compile
[DEBUG]       org.apache.maven:maven-error-diagnostics:jar:2.0.6:compile
[DEBUG]       org.apache.maven:maven-project:jar:2.0.6:compile
[DEBUG]          org.apache.maven:maven-plugin-registry:jar:2.0.6:compile
[DEBUG]       org.apache.maven:maven-plugin-descriptor:jar:2.0.6:compile
[DEBUG]       org.apache.maven:maven-artifact-manager:jar:2.0.6:compile
[DEBUG]       org.apache.maven:maven-monitor:jar:2.0.6:compile
[DEBUG]    org.apache.maven:maven-toolchain:jar:1.0:compile
[DEBUG]    org.codehaus.plexus:plexus-utils:jar:2.0.5:compile
[DEBUG]    org.codehaus.plexus:plexus-compiler-api:jar:1.8.1:compile
[DEBUG]    org.codehaus.plexus:plexus-compiler-manager:jar:1.8.1:compile
[DEBUG]    org.codehaus.plexus:plexus-compiler-javac:jar:1.8.1:runtime
[DEBUG] Created new class realm plugin>org.apache.maven.plugins:maven-compiler-plugin:2.3.2
[DEBUG] Importing foreign packages into class realm plugin>org.apache.maven.plugins:maven-compiler-plugin:2.3.2
[DEBUG]   Imported:  < maven.api
[DEBUG] Populating class realm plugin>org.apache.maven.plugins:maven-compiler-plugin:2.3.2
[DEBUG]   Included: org.apache.maven.plugins:maven-compiler-plugin:jar:2.3.2
[DEBUG]   Included: org.codehaus.plexus:plexus-utils:jar:2.0.5
[DEBUG]   Included: org.codehaus.plexus:plexus-compiler-api:jar:1.8.1
[DEBUG]   Included: org.codehaus.plexus:plexus-compiler-manager:jar:1.8.1
[DEBUG]   Included: org.codehaus.plexus:plexus-compiler-javac:jar:1.8.1
[DEBUG]   Excluded: org.apache.maven:maven-plugin-api:jar:2.0.6
[DEBUG]   Excluded: org.apache.maven:maven-artifact:jar:2.0.6
[DEBUG]   Excluded: org.apache.maven:maven-core:jar:2.0.6
[DEBUG]   Excluded: org.apache.maven:maven-settings:jar:2.0.6
[DEBUG]   Excluded: org.apache.maven:maven-plugin-parameter-documenter:jar:2.0.6
[DEBUG]   Excluded: org.apache.maven:maven-profile:jar:2.0.6
[DEBUG]   Excluded: org.apache.maven:maven-model:jar:2.0.6
[DEBUG]   Excluded: org.apache.maven:maven-repository-metadata:jar:2.0.6
[DEBUG]   Excluded: org.apache.maven:maven-error-diagnostics:jar:2.0.6
[DEBUG]   Excluded: org.apache.maven:maven-project:jar:2.0.6
[DEBUG]   Excluded: org.apache.maven:maven-plugin-registry:jar:2.0.6
[DEBUG]   Excluded: org.apache.maven:maven-plugin-descriptor:jar:2.0.6
[DEBUG]   Excluded: org.apache.maven:maven-artifact-manager:jar:2.0.6
[DEBUG]   Excluded: org.apache.maven:maven-monitor:jar:2.0.6
[DEBUG]   Excluded: org.apache.maven:maven-toolchain:jar:1.0
[DEBUG] Configuring mojo org.apache.maven.plugins:maven-compiler-plugin:2.3.2:compile from plugin realm ClassRealm[plugin>org.apache.maven.plugins:maven-compiler-plugin:2.3.2, parent: sun.misc.Launcher$AppClassLoader@543a586d]
[DEBUG] Configuring mojo 'org.apache.maven.plugins:maven-compiler-plugin:2.3.2:compile' with basic configurator -->
[DEBUG]   (f) basedir = C:\src\glassfish-does-not-shutdown-after-ctrl-c-while-in-cargo-run-in-windows
[DEBUG]   (f) buildDirectory = C:\src\glassfish-does-not-shutdown-after-ctrl-c-while-in-cargo-run-in-windows\target
[DEBUG]   (f) classpathElements = [C:\src\glassfish-does-not-shutdown-after-ctrl-c-while-in-cargo-run-in-windows\target\classes]
[DEBUG]   (f) compileSourceRoots = [C:\src\glassfish-does-not-shutdown-after-ctrl-c-while-in-cargo-run-in-windows\src\main\java]
[DEBUG]   (f) compilerId = javac
[DEBUG]   (f) debug = true
[DEBUG]   (f) encoding = UTF-8
[DEBUG]   (f) failOnError = true
[DEBUG]   (f) fork = false
[DEBUG]   (f) generatedSourcesDirectory = C:\src\glassfish-does-not-shutdown-after-ctrl-c-while-in-cargo-run-in-windows\target\generated-sources\annotations
[DEBUG]   (f) optimize = false
[DEBUG]   (f) outputDirectory = C:\src\glassfish-does-not-shutdown-after-ctrl-c-while-in-cargo-run-in-windows\target\classes
[DEBUG]   (f) outputFileName = glassfish-does-not-shutdown-after-ctrl-c-while-in-cargo-run-in-windows-1.0-SNAPSHOT
[DEBUG]   (f) projectArtifact = sample.cargo:glassfish-does-not-shutdown-after-ctrl-c-while-in-cargo-run-in-windows:war:1.0-SNAPSHOT
[DEBUG]   (f) session = org.apache.maven.execution.MavenSession@7af4e544
[DEBUG]   (f) showDeprecation = false
[DEBUG]   (f) showWarnings = false
[DEBUG]   (f) source = 1.5
[DEBUG]   (f) staleMillis = 0
[DEBUG]   (f) target = 1.5
[DEBUG]   (f) verbose = false
[DEBUG] -- end configuration --
[DEBUG] Using compiler 'javac'.
[DEBUG] Source directories: [C:\src\glassfish-does-not-shutdown-after-ctrl-c-while-in-cargo-run-in-windows\src\main\java]
[DEBUG] Classpath: [C:\src\glassfish-does-not-shutdown-after-ctrl-c-while-in-cargo-run-in-windows\target\classes]
[DEBUG] Output directory: C:\src\glassfish-does-not-shutdown-after-ctrl-c-while-in-cargo-run-in-windows\target\classes
[DEBUG] Classpath:
[DEBUG]  C:\src\glassfish-does-not-shutdown-after-ctrl-c-while-in-cargo-run-in-windows\target\classes
[DEBUG] Source roots:
[DEBUG]  C:\src\glassfish-does-not-shutdown-after-ctrl-c-while-in-cargo-run-in-windows\src\main\java
[DEBUG] Command line options:
[DEBUG] -d C:\src\glassfish-does-not-shutdown-after-ctrl-c-while-in-cargo-run-in-windows\target\classes -classpath C:\src\glassfish-does-not-shutdown-after-ctrl-c-while-in-cargo-run-in-windows\target\classes; -sourcepath C:\src\glassfish-does-not-shutdown-after-ctrl-c-while-in-cargo-run-in-windows\src\main\java; C:\src\glassfish-does-not-shutdown-after-ctrl-c-while-in-cargo-run-in-windows\src\main\java\sample\cargo\SomeClass.java -g -nowarn -target 1.5 -source 1.5 -encoding UTF-8
[INFO] Compiling 1 source file to C:\src\glassfish-does-not-shutdown-after-ctrl-c-while-in-cargo-run-in-windows\target\classes
[INFO] 
[INFO] --- maven-resources-plugin:2.5:testResources (default-testResources) @ glassfish-does-not-shutdown-after-ctrl-c-while-in-cargo-run-in-windows ---
[DEBUG] Configuring mojo org.apache.maven.plugins:maven-resources-plugin:2.5:testResources from plugin realm ClassRealm[plugin>org.apache.maven.plugins:maven-resources-plugin:2.5, parent: sun.misc.Launcher$AppClassLoader@543a586d]
[debug] execute contextualize
[DEBUG] Configuring mojo 'org.apache.maven.plugins:maven-resources-plugin:2.5:testResources' with basic configurator -->
[DEBUG]   (f) buildFilters = []
[DEBUG]   (f) encoding = UTF-8
[DEBUG]   (f) escapeWindowsPaths = true
[DEBUG]   (s) includeEmptyDirs = false
[DEBUG]   (s) outputDirectory = C:\src\glassfish-does-not-shutdown-after-ctrl-c-while-in-cargo-run-in-windows\target\test-classes
[DEBUG]   (s) overwrite = false
[DEBUG]   (f) project = MavenProject: sample.cargo:glassfish-does-not-shutdown-after-ctrl-c-while-in-cargo-run-in-windows:1.0-SNAPSHOT @ C:\src\glassfish-does-not-shutdown-after-ctrl-c-while-in-cargo-run-in-windows\pom.xml
[DEBUG]   (s) resources = [Resource {targetPath: null, filtering: false, FileSet {directory: C:\src\glassfish-does-not-shutdown-after-ctrl-c-while-in-cargo-run-in-windows\src\test\resources, PatternSet [includes: {}, excludes: {}]}}]
[DEBUG]   (f) session = org.apache.maven.execution.MavenSession@7af4e544
[DEBUG]   (f) supportMultiLineFiltering = false
[DEBUG]   (f) useBuildFilters = true
[DEBUG]   (s) useDefaultDelimiters = true
[DEBUG] -- end configuration --
[DEBUG] properties used {java.vendor=Oracle Corporation, env.SYSTEMROOT=C:\Windows, env.MOZ_PLUGIN_PATH=C:\Program Files (x86)\Foxit Software\Foxit Reader\plugins\, env.ORACLE_HOME=C:\app\oracle\product\11.2.0\dbhome_1\, sun.java.launcher=SUN_STANDARD, sun.management.compiler=HotSpot 64-Bit Tiered Compilers, env.PROMPT=$P$G, os.name=Windows 7, env.FP_NO_HOST_CHECK=NO, sun.boot.class.path=C:\app\java\jdk1.7.0_04\jre\lib\resources.jar;C:\app\java\jdk1.7.0_04\jre\lib\rt.jar;C:\app\java\jdk1.7.0_04\jre\lib\sunrsasign.jar;C:\app\java\jdk1.7.0_04\jre\lib\jsse.jar;C:\app\java\jdk1.7.0_04\jre\lib\jce.jar;C:\app\java\jdk1.7.0_04\jre\lib\charsets.jar;C:\app\java\jdk1.7.0_04\jre\lib\jfr.jar;C:\app\java\jdk1.7.0_04\jre\classes, env.COMPUTERNAME=MY-COMPUTER-NAME, env.ALLUSERSPROFILE=C:\ProgramData, sun.desktop=windows, java.vm.specification.vendor=Oracle Corporation, java.runtime.version=1.7.0_04-b22, env.CYGWIN_HOME=C:\cygwin\, servlet.port=8080, env.HOMEPATH=\Users\Allan.See, project.build.sourceEncoding=UTF-8, user.name=Allan.See, maven.build.version=Apache Maven 3.0.4 (r1232337; 2012-01-17 16:44:56+0800), env.PYTHON_HOME=C:\Python27_32\, env.PATH=C:\Program Files\CollabNet\Subversion Client;c:\app\oracle\product\11.2.0\dbhome_1\bin;C:\Windows\system32;C:\Windows;C:\Windows\System32\Wbem;C:\Windows\System32\WindowsPowerShell\v1.0\;C:\Program Files (x86)\Microsoft Application Virtualization Client;C:\Program Files\MySQL\MySQL Server 5.5\bin;C:\EbsTooling\Oracle\Middleware11121\modules\org.apache.ant_1.7.1\bin;C:\app\apache-maven-3.0.4\\bin;C:\app\java\jdk1.7.0_04\bin;C:\Python27_32\;C:\Python27_32\\Scripts;C:\cygwin\\bin;, user.language=en, env.WINDIR=C:\Windows, sun.boot.library.path=C:\app\java\jdk1.7.0_04\jre\bin, classworlds.conf=C:\app\apache-maven-3.0.4\bin\m2.conf, java.version=1.7.0_04, env.PROCESSOR_IDENTIFIER=Intel64 Family 6 Model 42 Stepping 7, GenuineIntel, user.timezone=Asia/Singapore, env.TEMP=C:\Users\Allan.See\AppData\Local\Temp, sun.arch.data.model=64, java.endorsed.dirs=C:\app\java\jdk1.7.0_04\jre\lib\endorsed, sun.cpu.isalist=amd64, env.HOMEDRIVE=C:, sun.jnu.encoding=Cp1252, file.encoding.pkg=sun.io, env.SYSTEMDRIVE=C:, file.separator=\, java.specification.name=Java Platform API Specification, java.class.version=51.0, user.country=PH, java.home=C:\app\java\jdk1.7.0_04\jre, env.APPDATA=C:\Users\Allan.See\AppData\Roaming, env.PUBLIC=C:\Users\Public, java.vm.info=mixed mode, env.OS=Windows_NT, os.version=6.1, env.=::=::\, project.reporting.outputEncoding=UTF-8, path.separator=;, java.vm.version=23.0-b21, user.variant=, env.USERPROFILE=C:\Users\Allan.See, env.JAVA_HOME=C:\app\java\jdk1.7.0_04, java.awt.printerjob=sun.awt.windows.WPrinterJob, env.TMP=C:\Users\Allan.See\AppData\Local\Temp, env.PROGRAMFILES=C:\Program Files, sun.io.unicode.encoding=UnicodeLittle, awt.toolkit=sun.awt.windows.WToolkit, user.script=, user.home=C:\Users\Allan.See, env.COMMONPROGRAMFILES=C:\Program Files\Common Files, env.=EXITCODE=00000000, env.SESSIONNAME=Console, java.specification.vendor=Oracle Corporation, env.M2_HOME=C:\app\apache-maven-3.0.4, env.NUMBER_OF_PROCESSORS=4, java.library.path=C:\app\java\jdk1.7.0_04\bin;C:\Windows\Sun\Java\bin;C:\Windows\system32;C:\Windows;C:\Program Files\CollabNet\Subversion Client;c:\app\oracle\product\11.2.0\dbhome_1\bin;C:\Windows\system32;C:\Windows;C:\Windows\System32\Wbem;C:\Windows\System32\WindowsPowerShell\v1.0\;C:\Program Files (x86)\Microsoft Application Virtualization Client;C:\Program Files\MySQL\MySQL Server 5.5\bin;C:\EbsTooling\Oracle\Middleware11121\modules\org.apache.ant_1.7.1\bin;C:\app\apache-maven-3.0.4\\bin;C:\app\java\jdk1.7.0_04\bin;C:\Python27_32\;C:\Python27_32\\Scripts;C:\cygwin\\bin;;., java.vendor.url=http://java.oracle.com/, env.COMMONPROGRAMFILES(X86)=C:\Program Files (x86)\Common Files, env.USERDNSDOMAIN=MY.COMPANY.CORP, env.PSMODULEPATH=C:\Windows\system32\WindowsPowerShell\v1.0\Modules\, env.CLASSWORLDS_LAUNCHER=org.codehaus.plexus.classworlds.launcher.Launcher, env.MAVEN_CMD_LINE_ARGS=clean package -X, java.vm.vendor=Oracle Corporation, maven.home=C:\app\apache-maven-3.0.4, java.runtime.name=Java(TM) SE Runtime Environment, sun.java.command=org.codehaus.plexus.classworlds.launcher.Launcher clean package -X, java.class.path=C:\app\apache-maven-3.0.4\boot\plexus-classworlds-2.4.jar, env.PROGRAMW6432=C:\Program Files, maven.version=3.0.4, env.PROGRAMFILES(X86)=C:\Program Files (x86), env.MAVEN_JAVA_EXE="C:\app\java\jdk1.7.0_04\bin\java.exe", java.vm.specification.name=Java Virtual Machine Specification, env.LOGONSERVER=\\AP-MNL-DC01, java.vm.specification.version=1.7, env.PROCESSOR_ARCHITECTURE=AMD64, env.COMMONPROGRAMW6432=C:\Program Files\Common Files, sun.cpu.endian=little, sun.os.patch.level=Service Pack 1, env.HOME=C:\Users\Allan.See, env.ANT_HOME=C:\EbsTooling\Oracle\Middleware11121\modules\org.apache.ant_1.7.1, java.io.tmpdir=C:\Users\Allan.See\AppData\Local\Temp\, env.UATDATA=C:\Windows\SysWOW64\CCM\UATData\D9F8C395-CAB8-491d-B8AC-179A1FE1BE77, env.PROCESSOR_REVISION=2a07, java.vendor.url.bug=http://bugreport.sun.com/bugreport/, env.PROGRAMDATA=C:\ProgramData, env.COMSPEC=C:\Windows\system32\cmd.exe, os.arch=amd64, java.awt.graphicsenv=sun.awt.Win32GraphicsEnvironment, env.SFT_SOFTGRIDSERVER=us-voo-appv01.mY.COMPANY.CORP, java.ext.dirs=C:\app\java\jdk1.7.0_04\jre\lib\ext;C:\Windows\Sun\Java\lib\ext, env.LOCALAPPDATA=C:\Users\Allan.See\AppData\Local, user.dir=C:\src\glassfish-does-not-shutdown-after-ctrl-c-while-in-cargo-run-in-windows, line.separator=
, env.CLASSWORLDS_JAR="C:\app\apache-maven-3.0.4\boot\plexus-classworlds-2.4.jar", java.vm.name=Java HotSpot(TM) 64-Bit Server VM, env.PATHEXT=.COM;.EXE;.BAT;.CMD;.VBS;.VBE;.JS;.JSE;.WSF;.WSH;.MSC, env.ERROR_CODE=0, env.USERNAME=Allan.See, file.encoding=Cp1252, env.USERDOMAIN=INTERNAL, java.specification.version=1.7, env.=C:=C:\src\glassfish-does-not-shutdown-after-ctrl-c-while-in-cargo-run-in-windows, env.PROCESSOR_LEVEL=6}
[INFO] Using 'UTF-8' encoding to copy filtered resources.
[DEBUG] resource with targetPath null
directory C:\src\glassfish-does-not-shutdown-after-ctrl-c-while-in-cargo-run-in-windows\src\test\resources
excludes []
includes []
[INFO] skip non existing resourceDirectory C:\src\glassfish-does-not-shutdown-after-ctrl-c-while-in-cargo-run-in-windows\src\test\resources
[DEBUG] no use filter components
[INFO] 
[INFO] --- maven-compiler-plugin:2.3.2:testCompile (default-testCompile) @ glassfish-does-not-shutdown-after-ctrl-c-while-in-cargo-run-in-windows ---
[DEBUG] Configuring mojo org.apache.maven.plugins:maven-compiler-plugin:2.3.2:testCompile from plugin realm ClassRealm[plugin>org.apache.maven.plugins:maven-compiler-plugin:2.3.2, parent: sun.misc.Launcher$AppClassLoader@543a586d]
[DEBUG] Configuring mojo 'org.apache.maven.plugins:maven-compiler-plugin:2.3.2:testCompile' with basic configurator -->
[DEBUG]   (f) basedir = C:\src\glassfish-does-not-shutdown-after-ctrl-c-while-in-cargo-run-in-windows
[DEBUG]   (f) buildDirectory = C:\src\glassfish-does-not-shutdown-after-ctrl-c-while-in-cargo-run-in-windows\target
[DEBUG]   (f) classpathElements = [C:\src\glassfish-does-not-shutdown-after-ctrl-c-while-in-cargo-run-in-windows\target\test-classes, C:\src\glassfish-does-not-shutdown-after-ctrl-c-while-in-cargo-run-in-windows\target\classes, C:\Users\Allan.See\.m2\repository\junit\junit\3.8.1\junit-3.8.1.jar]
[DEBUG]   (f) compileSourceRoots = [C:\src\glassfish-does-not-shutdown-after-ctrl-c-while-in-cargo-run-in-windows\src\test\java]
[DEBUG]   (f) compilerId = javac
[DEBUG]   (f) debug = true
[DEBUG]   (f) encoding = UTF-8
[DEBUG]   (f) failOnError = true
[DEBUG]   (f) fork = false
[DEBUG]   (f) generatedTestSourcesDirectory = C:\src\glassfish-does-not-shutdown-after-ctrl-c-while-in-cargo-run-in-windows\target\generated-sources\test-annotations
[DEBUG]   (f) optimize = false
[DEBUG]   (f) outputDirectory = C:\src\glassfish-does-not-shutdown-after-ctrl-c-while-in-cargo-run-in-windows\target\test-classes
[DEBUG]   (f) outputFileName = glassfish-does-not-shutdown-after-ctrl-c-while-in-cargo-run-in-windows-1.0-SNAPSHOT
[DEBUG]   (f) session = org.apache.maven.execution.MavenSession@7af4e544
[DEBUG]   (f) showDeprecation = false
[DEBUG]   (f) showWarnings = false
[DEBUG]   (f) source = 1.5
[DEBUG]   (f) staleMillis = 0
[DEBUG]   (f) target = 1.5
[DEBUG]   (f) verbose = false
[DEBUG] -- end configuration --
[DEBUG] Using compiler 'javac'.
[DEBUG] Source directories: [C:\src\glassfish-does-not-shutdown-after-ctrl-c-while-in-cargo-run-in-windows\src\test\java]
[DEBUG] Classpath: [C:\src\glassfish-does-not-shutdown-after-ctrl-c-while-in-cargo-run-in-windows\target\test-classes
 C:\src\glassfish-does-not-shutdown-after-ctrl-c-while-in-cargo-run-in-windows\target\classes
 C:\Users\Allan.See\.m2\repository\junit\junit\3.8.1\junit-3.8.1.jar]
[DEBUG] Output directory: C:\src\glassfish-does-not-shutdown-after-ctrl-c-while-in-cargo-run-in-windows\target\test-classes
[DEBUG] Classpath:
[DEBUG]  C:\src\glassfish-does-not-shutdown-after-ctrl-c-while-in-cargo-run-in-windows\target\test-classes
[DEBUG]  C:\src\glassfish-does-not-shutdown-after-ctrl-c-while-in-cargo-run-in-windows\target\classes
[DEBUG]  C:\Users\Allan.See\.m2\repository\junit\junit\3.8.1\junit-3.8.1.jar
[DEBUG] Source roots:
[DEBUG]  C:\src\glassfish-does-not-shutdown-after-ctrl-c-while-in-cargo-run-in-windows\src\test\java
[DEBUG] Command line options:
[DEBUG] -d C:\src\glassfish-does-not-shutdown-after-ctrl-c-while-in-cargo-run-in-windows\target\test-classes -classpath C:\src\glassfish-does-not-shutdown-after-ctrl-c-while-in-cargo-run-in-windows\target\test-classes;C:\src\glassfish-does-not-shutdown-after-ctrl-c-while-in-cargo-run-in-windows\target\classes;C:\Users\Allan.See\.m2\repository\junit\junit\3.8.1\junit-3.8.1.jar; -sourcepath C:\src\glassfish-does-not-shutdown-after-ctrl-c-while-in-cargo-run-in-windows\src\test\java; C:\src\glassfish-does-not-shutdown-after-ctrl-c-while-in-cargo-run-in-windows\src\test\java\sample\cargo\it\WebappIT.java C:\src\glassfish-does-not-shutdown-after-ctrl-c-while-in-cargo-run-in-windows\src\test\java\sample\cargo\SomeClassTest.java -g -nowarn -target 1.5 -source 1.5 -encoding UTF-8
[INFO] Compiling 2 source files to C:\src\glassfish-does-not-shutdown-after-ctrl-c-while-in-cargo-run-in-windows\target\test-classes
[INFO] 
[INFO] --- maven-surefire-plugin:2.8:test (default-test) @ glassfish-does-not-shutdown-after-ctrl-c-while-in-cargo-run-in-windows ---
[DEBUG] org.apache.maven.plugins:maven-surefire-plugin:jar:2.8:
[DEBUG]    org.apache.maven:maven-plugin-api:jar:2.0.9:compile
[DEBUG]    org.apache.maven.surefire:surefire-booter:jar:2.8:compile
[DEBUG]       org.apache.maven.surefire:surefire-api:jar:2.8:compile
[DEBUG]    org.apache.maven.surefire:maven-surefire-common:jar:2.8:compile
[DEBUG]       org.apache.maven.shared:maven-common-artifact-filters:jar:1.3:compile
[DEBUG]    org.codehaus.plexus:plexus-utils:jar:2.0.7:compile
[DEBUG]    org.apache.maven:maven-artifact:jar:2.0.9:compile
[DEBUG]    org.apache.maven:maven-project:jar:2.0.9:compile
[DEBUG]       org.apache.maven:maven-settings:jar:2.0.9:compile
[DEBUG]       org.apache.maven:maven-profile:jar:2.0.9:compile
[DEBUG]       org.apache.maven:maven-model:jar:2.0.9:compile
[DEBUG]       org.apache.maven:maven-artifact-manager:jar:2.0.9:compile
[DEBUG]       org.apache.maven:maven-plugin-registry:jar:2.0.9:compile
[DEBUG]       org.codehaus.plexus:plexus-container-default:jar:1.0-alpha-9-stable-1:compile
[DEBUG]          junit:junit:jar:3.8.1:test (scope managed from compile)
[DEBUG]    org.apache.maven:maven-core:jar:2.0.9:compile
[DEBUG]       org.apache.maven:maven-plugin-parameter-documenter:jar:2.0.9:compile
[DEBUG]       org.apache.maven.reporting:maven-reporting-api:jar:2.0.9:compile
[DEBUG]       org.apache.maven:maven-repository-metadata:jar:2.0.9:compile
[DEBUG]       org.apache.maven:maven-error-diagnostics:jar:2.0.9:compile
[DEBUG]       org.apache.maven:maven-plugin-descriptor:jar:2.0.9:compile
[DEBUG]       org.apache.maven:maven-monitor:jar:2.0.9:compile
[DEBUG]       classworlds:classworlds:jar:1.1:compile
[DEBUG]    org.apache.maven:maven-toolchain:jar:2.0.9:compile
[DEBUG] Created new class realm plugin>org.apache.maven.plugins:maven-surefire-plugin:2.8
[DEBUG] Importing foreign packages into class realm plugin>org.apache.maven.plugins:maven-surefire-plugin:2.8
[DEBUG]   Imported:  < maven.api
[DEBUG] Populating class realm plugin>org.apache.maven.plugins:maven-surefire-plugin:2.8
[DEBUG]   Included: org.apache.maven.plugins:maven-surefire-plugin:jar:2.8
[DEBUG]   Included: org.apache.maven.surefire:surefire-booter:jar:2.8
[DEBUG]   Included: org.apache.maven.surefire:surefire-api:jar:2.8
[DEBUG]   Included: org.apache.maven.surefire:maven-surefire-common:jar:2.8
[DEBUG]   Included: org.apache.maven.shared:maven-common-artifact-filters:jar:1.3
[DEBUG]   Included: org.codehaus.plexus:plexus-utils:jar:2.0.7
[DEBUG]   Included: org.apache.maven.reporting:maven-reporting-api:jar:2.0.9
[DEBUG]   Excluded: org.apache.maven:maven-plugin-api:jar:2.0.9
[DEBUG]   Excluded: org.apache.maven:maven-artifact:jar:2.0.9
[DEBUG]   Excluded: org.apache.maven:maven-project:jar:2.0.9
[DEBUG]   Excluded: org.apache.maven:maven-settings:jar:2.0.9
[DEBUG]   Excluded: org.apache.maven:maven-profile:jar:2.0.9
[DEBUG]   Excluded: org.apache.maven:maven-model:jar:2.0.9
[DEBUG]   Excluded: org.apache.maven:maven-artifact-manager:jar:2.0.9
[DEBUG]   Excluded: org.apache.maven:maven-plugin-registry:jar:2.0.9
[DEBUG]   Excluded: org.codehaus.plexus:plexus-container-default:jar:1.0-alpha-9-stable-1
[DEBUG]   Excluded: junit:junit:jar:3.8.1
[DEBUG]   Excluded: org.apache.maven:maven-core:jar:2.0.9
[DEBUG]   Excluded: org.apache.maven:maven-plugin-parameter-documenter:jar:2.0.9
[DEBUG]   Excluded: org.apache.maven:maven-repository-metadata:jar:2.0.9
[DEBUG]   Excluded: org.apache.maven:maven-error-diagnostics:jar:2.0.9
[DEBUG]   Excluded: org.apache.maven:maven-plugin-descriptor:jar:2.0.9
[DEBUG]   Excluded: org.apache.maven:maven-monitor:jar:2.0.9
[DEBUG]   Excluded: classworlds:classworlds:jar:1.1
[DEBUG]   Excluded: org.apache.maven:maven-toolchain:jar:2.0.9
[DEBUG] Configuring mojo org.apache.maven.plugins:maven-surefire-plugin:2.8:test from plugin realm ClassRealm[plugin>org.apache.maven.plugins:maven-surefire-plugin:2.8, parent: sun.misc.Launcher$AppClassLoader@543a586d]
[DEBUG] Configuring mojo 'org.apache.maven.plugins:maven-surefire-plugin:2.8:test' with basic configurator -->
[DEBUG]   (s) basedir = C:\src\glassfish-does-not-shutdown-after-ctrl-c-while-in-cargo-run-in-windows
[DEBUG]   (s) childDelegation = false
[DEBUG]   (s) classesDirectory = C:\src\glassfish-does-not-shutdown-after-ctrl-c-while-in-cargo-run-in-windows\target\classes
[DEBUG]   (s) disableXmlReport = false
[DEBUG]   (s) enableAssertions = true
[DEBUG]   (s) forkMode = once
[DEBUG]   (s) junitArtifactName = junit:junit
[DEBUG]   (s) localRepository =        id: local
      url: file:///C:/Users/Allan.See/.m2/repository/
   layout: none

[DEBUG]   (f) parallelMavenExecution = false
[DEBUG]   (s) perCoreThreadCount = true
[DEBUG]   (s) pluginArtifactMap = {org.apache.maven.plugins:maven-surefire-plugin=org.apache.maven.plugins:maven-surefire-plugin:maven-plugin:2.8:, org.apache.maven.surefire:surefire-booter=org.apache.maven.surefire:surefire-booter:jar:2.8:compile, org.apache.maven.surefire:surefire-api=org.apache.maven.surefire:surefire-api:jar:2.8:compile, org.apache.maven.surefire:maven-surefire-common=org.apache.maven.surefire:maven-surefire-common:jar:2.8:compile, org.apache.maven.shared:maven-common-artifact-filters=org.apache.maven.shared:maven-common-artifact-filters:jar:1.3:compile, org.codehaus.plexus:plexus-utils=org.codehaus.plexus:plexus-utils:jar:2.0.7:compile, org.apache.maven.reporting:maven-reporting-api=org.apache.maven.reporting:maven-reporting-api:jar:2.0.9:compile}
[DEBUG]   (s) printSummary = true
[DEBUG]   (s) project = MavenProject: sample.cargo:glassfish-does-not-shutdown-after-ctrl-c-while-in-cargo-run-in-windows:1.0-SNAPSHOT @ C:\src\glassfish-does-not-shutdown-after-ctrl-c-while-in-cargo-run-in-windows\pom.xml
[DEBUG]   (s) projectArtifactMap = {junit:junit=junit:junit:jar:3.8.1:test}
[DEBUG]   (s) redirectTestOutputToFile = false
[DEBUG]   (s) remoteRepositories = [       id: central
      url: http://repo.maven.apache.org/maven2
   layout: default
snapshots: [enabled => false, update => daily]
 releases: [enabled => true, update => never]
]
[DEBUG]   (s) reportFormat = brief
[DEBUG]   (s) reportsDirectory = C:\src\glassfish-does-not-shutdown-after-ctrl-c-while-in-cargo-run-in-windows\target\surefire-reports
[DEBUG]   (s) runOrder = filesystem
[DEBUG]   (s) session = org.apache.maven.execution.MavenSession@7af4e544
[DEBUG]   (s) skip = false
[DEBUG]   (s) skipTests = false
[DEBUG]   (s) testClassesDirectory = C:\src\glassfish-does-not-shutdown-after-ctrl-c-while-in-cargo-run-in-windows\target\test-classes
[DEBUG]   (s) testFailureIgnore = false
[DEBUG]   (s) testNGArtifactName = org.testng:testng
[DEBUG]   (s) testSourceDirectory = C:\src\glassfish-does-not-shutdown-after-ctrl-c-while-in-cargo-run-in-windows\src\test\java
[DEBUG]   (s) trimStackTrace = true
[DEBUG]   (s) useFile = true
[DEBUG]   (s) useManifestOnlyJar = true
[DEBUG]   (s) useSystemClassLoader = true
[DEBUG]   (s) useUnlimitedThreads = false
[DEBUG]   (s) workingDirectory = C:\src\glassfish-does-not-shutdown-after-ctrl-c-while-in-cargo-run-in-windows
[DEBUG] -- end configuration --
[INFO] Surefire report directory: C:\src\glassfish-does-not-shutdown-after-ctrl-c-while-in-cargo-run-in-windows\target\surefire-reports
[DEBUG] dummy:dummy:jar:1.0 (selected for null)
[DEBUG]   org.apache.maven.surefire:surefire-booter:jar:2.8:compile (selected for compile)
[DEBUG]     org.apache.maven.surefire:surefire-api:jar:2.8:compile (selected for compile)
[DEBUG] Adding to surefire booter test classpath: C:\Users\Allan.See\.m2\repository\org\apache\maven\surefire\surefire-booter\2.8\surefire-booter-2.8.jar Scope: compile
[DEBUG] Adding to surefire booter test classpath: C:\Users\Allan.See\.m2\repository\org\apache\maven\surefire\surefire-api\2.8\surefire-api-2.8.jar Scope: compile
[DEBUG] Setting system property [user.dir]=[C:\src\glassfish-does-not-shutdown-after-ctrl-c-while-in-cargo-run-in-windows]
[DEBUG] Setting system property [localRepository]=[C:\Users\Allan.See\.m2\repository]
[DEBUG] Setting system property [basedir]=[C:\src\glassfish-does-not-shutdown-after-ctrl-c-while-in-cargo-run-in-windows]
[DEBUG] Using JVM: C:\app\java\jdk1.7.0_04\jre\bin\java
[DEBUG] dummy:dummy:jar:1.0 (selected for null)
[DEBUG]   org.apache.maven.surefire:surefire-junit3:jar:2.8:test (selected for test)
[DEBUG]     org.apache.maven.surefire:surefire-api:jar:2.8:test (selected for test)
[DEBUG] Adding to surefire test classpath: C:\Users\Allan.See\.m2\repository\org\apache\maven\surefire\surefire-junit3\2.8\surefire-junit3-2.8.jar Scope: test
[DEBUG] Adding to surefire test classpath: C:\Users\Allan.See\.m2\repository\org\apache\maven\surefire\surefire-api\2.8\surefire-api-2.8.jar Scope: test
[DEBUG] test classpath classpath:
[DEBUG]   C:\src\glassfish-does-not-shutdown-after-ctrl-c-while-in-cargo-run-in-windows\target\test-classes
[DEBUG]   C:\src\glassfish-does-not-shutdown-after-ctrl-c-while-in-cargo-run-in-windows\target\classes
[DEBUG]   C:\Users\Allan.See\.m2\repository\junit\junit\3.8.1\junit-3.8.1.jar
[DEBUG] provider classpath classpath:
[DEBUG]   C:\src\glassfish-does-not-shutdown-after-ctrl-c-while-in-cargo-run-in-windows\target\test-classes
[DEBUG]   C:\src\glassfish-does-not-shutdown-after-ctrl-c-while-in-cargo-run-in-windows\target\classes
[DEBUG]   C:\Users\Allan.See\.m2\repository\junit\junit\3.8.1\junit-3.8.1.jar
Forking command line: cmd.exe /X /C "C:\app\java\jdk1.7.0_04\jre\bin\java -jar C:\src\glassfish-does-not-shutdown-after-ctrl-c-while-in-cargo-run-in-windows\target\surefire\surefirebooter3276460107732114191.jar C:\src\glassfish-does-not-shutdown-after-ctrl-c-while-in-cargo-run-in-windows\target\surefire\surefire856822301524949446tmp C:\src\glassfish-does-not-shutdown-after-ctrl-c-while-in-cargo-run-in-windows\target\surefire\surefire1036354255346586258tmp"

-------------------------------------------------------
 T E S T S
-------------------------------------------------------
Running sample.cargo.SomeClassTest
Tests run: 1, Failures: 0, Errors: 0, Skipped: 0, Time elapsed: 0.01 sec

Results :

Tests run: 1, Failures: 0, Errors: 0, Skipped: 0

[INFO] 
[INFO] --- maven-war-plugin:2.1.1:war (default-war) @ glassfish-does-not-shutdown-after-ctrl-c-while-in-cargo-run-in-windows ---
[DEBUG] org.apache.maven.plugins:maven-war-plugin:jar:2.1.1:
[DEBUG]    org.apache.maven:maven-plugin-api:jar:2.0.6:compile
[DEBUG]    org.apache.maven:maven-artifact:jar:2.0.6:compile
[DEBUG]    org.apache.maven:maven-model:jar:2.0.6:compile
[DEBUG]    org.apache.maven:maven-project:jar:2.0.6:compile
[DEBUG]       org.apache.maven:maven-profile:jar:2.0.6:compile
[DEBUG]       org.apache.maven:maven-artifact-manager:jar:2.0.6:compile
[DEBUG]       org.apache.maven:maven-plugin-registry:jar:2.0.6:compile
[DEBUG]    org.apache.maven:maven-core:jar:2.0.6:compile
[DEBUG]       org.apache.maven:maven-plugin-parameter-documenter:jar:2.0.6:compile
[DEBUG]       org.apache.maven.reporting:maven-reporting-api:jar:2.0.6:compile
[DEBUG]          org.apache.maven.doxia:doxia-sink-api:jar:1.0-alpha-7:compile
[DEBUG]       org.apache.maven:maven-repository-metadata:jar:2.0.6:compile
[DEBUG]       org.apache.maven:maven-error-diagnostics:jar:2.0.6:compile
[DEBUG]       commons-cli:commons-cli:jar:1.0:compile
[DEBUG]       org.apache.maven:maven-plugin-descriptor:jar:2.0.6:compile
[DEBUG]       org.codehaus.plexus:plexus-interactivity-api:jar:1.0-alpha-4:compile
[DEBUG]       classworlds:classworlds:jar:1.1:compile
[DEBUG]    org.apache.maven:maven-settings:jar:2.0.6:compile
[DEBUG]    org.apache.maven:maven-monitor:jar:2.0.6:compile
[DEBUG]    org.apache.maven:maven-archiver:jar:2.4.1:compile
[DEBUG]    org.codehaus.plexus:plexus-archiver:jar:1.2:compile
[DEBUG]       org.codehaus.plexus:plexus-io:jar:1.0.1:compile
[DEBUG]    org.codehaus.plexus:plexus-interpolation:jar:1.13:compile
[DEBUG]    org.codehaus.plexus:plexus-container-default:jar:1.0-alpha-9-stable-1:compile
[DEBUG]       junit:junit:jar:3.8.1:compile
[DEBUG]    com.thoughtworks.xstream:xstream:jar:1.3.1:compile
[DEBUG]       xpp3:xpp3_min:jar:1.1.4c:compile
[DEBUG]    org.codehaus.plexus:plexus-utils:jar:2.0.5:compile
[DEBUG]    org.apache.maven.shared:maven-filtering:jar:1.0-beta-2:compile
[DEBUG] Created new class realm plugin>org.apache.maven.plugins:maven-war-plugin:2.1.1
[DEBUG] Importing foreign packages into class realm plugin>org.apache.maven.plugins:maven-war-plugin:2.1.1
[DEBUG]   Imported:  < maven.api
[DEBUG] Populating class realm plugin>org.apache.maven.plugins:maven-war-plugin:2.1.1
[DEBUG]   Included: org.apache.maven.plugins:maven-war-plugin:jar:2.1.1
[DEBUG]   Included: org.apache.maven.reporting:maven-reporting-api:jar:2.0.6
[DEBUG]   Included: org.apache.maven.doxia:doxia-sink-api:jar:1.0-alpha-7
[DEBUG]   Included: commons-cli:commons-cli:jar:1.0
[DEBUG]   Included: org.codehaus.plexus:plexus-interactivity-api:jar:1.0-alpha-4
[DEBUG]   Included: org.apache.maven:maven-archiver:jar:2.4.1
[DEBUG]   Included: org.codehaus.plexus:plexus-archiver:jar:1.2
[DEBUG]   Included: org.codehaus.plexus:plexus-io:jar:1.0.1
[DEBUG]   Included: org.codehaus.plexus:plexus-interpolation:jar:1.13
[DEBUG]   Included: junit:junit:jar:3.8.1
[DEBUG]   Included: com.thoughtworks.xstream:xstream:jar:1.3.1
[DEBUG]   Included: xpp3:xpp3_min:jar:1.1.4c
[DEBUG]   Included: org.codehaus.plexus:plexus-utils:jar:2.0.5
[DEBUG]   Included: org.apache.maven.shared:maven-filtering:jar:1.0-beta-2
[DEBUG]   Excluded: org.apache.maven:maven-plugin-api:jar:2.0.6
[DEBUG]   Excluded: org.apache.maven:maven-artifact:jar:2.0.6
[DEBUG]   Excluded: org.apache.maven:maven-model:jar:2.0.6
[DEBUG]   Excluded: org.apache.maven:maven-project:jar:2.0.6
[DEBUG]   Excluded: org.apache.maven:maven-profile:jar:2.0.6
[DEBUG]   Excluded: org.apache.maven:maven-artifact-manager:jar:2.0.6
[DEBUG]   Excluded: org.apache.maven:maven-plugin-registry:jar:2.0.6
[DEBUG]   Excluded: org.apache.maven:maven-core:jar:2.0.6
[DEBUG]   Excluded: org.apache.maven:maven-plugin-parameter-documenter:jar:2.0.6
[DEBUG]   Excluded: org.apache.maven:maven-repository-metadata:jar:2.0.6
[DEBUG]   Excluded: org.apache.maven:maven-error-diagnostics:jar:2.0.6
[DEBUG]   Excluded: org.apache.maven:maven-plugin-descriptor:jar:2.0.6
[DEBUG]   Excluded: classworlds:classworlds:jar:1.1
[DEBUG]   Excluded: org.apache.maven:maven-settings:jar:2.0.6
[DEBUG]   Excluded: org.apache.maven:maven-monitor:jar:2.0.6
[DEBUG]   Excluded: org.codehaus.plexus:plexus-container-default:jar:1.0-alpha-9-stable-1
[DEBUG] Configuring mojo org.apache.maven.plugins:maven-war-plugin:2.1.1:war from plugin realm ClassRealm[plugin>org.apache.maven.plugins:maven-war-plugin:2.1.1, parent: sun.misc.Launcher$AppClassLoader@543a586d]
[DEBUG] Configuring mojo 'org.apache.maven.plugins:maven-war-plugin:2.1.1:war' with basic configurator -->
[DEBUG]   (s) archiveClasses = false
[DEBUG]   (s) attachClasses = false
[DEBUG]   (s) cacheFile = C:\src\glassfish-does-not-shutdown-after-ctrl-c-while-in-cargo-run-in-windows\target\war\work\webapp-cache.xml
[DEBUG]   (s) classesClassifier = classes
[DEBUG]   (s) classesDirectory = C:\src\glassfish-does-not-shutdown-after-ctrl-c-while-in-cargo-run-in-windows\target\classes
[DEBUG]   (f) escapedBackslashesInFilePath = false
[DEBUG]   (s) failOnMissingWebXml = true
[DEBUG]   (f) filteringDeploymentDescriptors = false
[DEBUG]   (s) outputDirectory = C:\src\glassfish-does-not-shutdown-after-ctrl-c-while-in-cargo-run-in-windows\target
[DEBUG]   (s) primaryArtifact = true
[DEBUG]   (s) project = MavenProject: sample.cargo:glassfish-does-not-shutdown-after-ctrl-c-while-in-cargo-run-in-windows:1.0-SNAPSHOT @ C:\src\glassfish-does-not-shutdown-after-ctrl-c-while-in-cargo-run-in-windows\pom.xml
[DEBUG]   (f) session = org.apache.maven.execution.MavenSession@7af4e544
[DEBUG]   (s) useCache = false
[DEBUG]   (s) warName = glassfish-does-not-shutdown-after-ctrl-c-while-in-cargo-run-in-windows-1.0-SNAPSHOT
[DEBUG]   (s) warSourceDirectory = C:\src\glassfish-does-not-shutdown-after-ctrl-c-while-in-cargo-run-in-windows\src\main\webapp
[DEBUG]   (s) warSourceIncludes = **
[DEBUG]   (s) webappDirectory = C:\src\glassfish-does-not-shutdown-after-ctrl-c-while-in-cargo-run-in-windows\target\glassfish-does-not-shutdown-after-ctrl-c-while-in-cargo-run-in-windows-1.0-SNAPSHOT
[DEBUG]   (s) workDirectory = C:\src\glassfish-does-not-shutdown-after-ctrl-c-while-in-cargo-run-in-windows\target\war\work
[DEBUG] -- end configuration --
[INFO] Packaging webapp
[INFO] Assembling webapp [glassfish-does-not-shutdown-after-ctrl-c-while-in-cargo-run-in-windows] in [C:\src\glassfish-does-not-shutdown-after-ctrl-c-while-in-cargo-run-in-windows\target\glassfish-does-not-shutdown-after-ctrl-c-while-in-cargo-run-in-windows-1.0-SNAPSHOT]
[DEBUG] properties used {java.vendor=Oracle Corporation, env.SYSTEMROOT=C:\Windows, env.MOZ_PLUGIN_PATH=C:\Program Files (x86)\Foxit Software\Foxit Reader\plugins\, env.ORACLE_HOME=C:\app\oracle\product\11.2.0\dbhome_1\, sun.java.launcher=SUN_STANDARD, sun.management.compiler=HotSpot 64-Bit Tiered Compilers, env.PROMPT=$P$G, os.name=Windows 7, env.FP_NO_HOST_CHECK=NO, sun.boot.class.path=C:\app\java\jdk1.7.0_04\jre\lib\resources.jar;C:\app\java\jdk1.7.0_04\jre\lib\rt.jar;C:\app\java\jdk1.7.0_04\jre\lib\sunrsasign.jar;C:\app\java\jdk1.7.0_04\jre\lib\jsse.jar;C:\app\java\jdk1.7.0_04\jre\lib\jce.jar;C:\app\java\jdk1.7.0_04\jre\lib\charsets.jar;C:\app\java\jdk1.7.0_04\jre\lib\jfr.jar;C:\app\java\jdk1.7.0_04\jre\classes, env.COMPUTERNAME=MY-COMPUTER-NAME, env.ALLUSERSPROFILE=C:\ProgramData, sun.desktop=windows, java.vm.specification.vendor=Oracle Corporation, java.runtime.version=1.7.0_04-b22, env.CYGWIN_HOME=C:\cygwin\, servlet.port=8080, env.HOMEPATH=\Users\Allan.See, project.build.sourceEncoding=UTF-8, user.name=Allan.See, maven.build.version=Apache Maven 3.0.4 (r1232337; 2012-01-17 16:44:56+0800), env.PYTHON_HOME=C:\Python27_32\, env.PATH=C:\Program Files\CollabNet\Subversion Client;c:\app\oracle\product\11.2.0\dbhome_1\bin;C:\Windows\system32;C:\Windows;C:\Windows\System32\Wbem;C:\Windows\System32\WindowsPowerShell\v1.0\;C:\Program Files (x86)\Microsoft Application Virtualization Client;C:\Program Files\MySQL\MySQL Server 5.5\bin;C:\EbsTooling\Oracle\Middleware11121\modules\org.apache.ant_1.7.1\bin;C:\app\apache-maven-3.0.4\\bin;C:\app\java\jdk1.7.0_04\bin;C:\Python27_32\;C:\Python27_32\\Scripts;C:\cygwin\\bin;, user.language=en, env.WINDIR=C:\Windows, sun.boot.library.path=C:\app\java\jdk1.7.0_04\jre\bin, classworlds.conf=C:\app\apache-maven-3.0.4\bin\m2.conf, java.version=1.7.0_04, env.PROCESSOR_IDENTIFIER=Intel64 Family 6 Model 42 Stepping 7, GenuineIntel, user.timezone=Asia/Singapore, env.TEMP=C:\Users\Allan.See\AppData\Local\Temp, sun.arch.data.model=64, java.endorsed.dirs=C:\app\java\jdk1.7.0_04\jre\lib\endorsed, sun.cpu.isalist=amd64, env.HOMEDRIVE=C:, sun.jnu.encoding=Cp1252, file.encoding.pkg=sun.io, env.SYSTEMDRIVE=C:, file.separator=\, java.specification.name=Java Platform API Specification, java.class.version=51.0, user.country=PH, java.home=C:\app\java\jdk1.7.0_04\jre, env.APPDATA=C:\Users\Allan.See\AppData\Roaming, env.PUBLIC=C:\Users\Public, java.vm.info=mixed mode, env.OS=Windows_NT, os.version=6.1, env.=::=::\, project.reporting.outputEncoding=UTF-8, path.separator=;, java.vm.version=23.0-b21, user.variant=, env.USERPROFILE=C:\Users\Allan.See, env.JAVA_HOME=C:\app\java\jdk1.7.0_04, java.awt.printerjob=sun.awt.windows.WPrinterJob, env.TMP=C:\Users\Allan.See\AppData\Local\Temp, env.PROGRAMFILES=C:\Program Files, sun.io.unicode.encoding=UnicodeLittle, awt.toolkit=sun.awt.windows.WToolkit, user.script=, user.home=C:\Users\Allan.See, env.COMMONPROGRAMFILES=C:\Program Files\Common Files, env.=EXITCODE=00000000, env.SESSIONNAME=Console, java.specification.vendor=Oracle Corporation, env.M2_HOME=C:\app\apache-maven-3.0.4, env.NUMBER_OF_PROCESSORS=4, java.library.path=C:\app\java\jdk1.7.0_04\bin;C:\Windows\Sun\Java\bin;C:\Windows\system32;C:\Windows;C:\Program Files\CollabNet\Subversion Client;c:\app\oracle\product\11.2.0\dbhome_1\bin;C:\Windows\system32;C:\Windows;C:\Windows\System32\Wbem;C:\Windows\System32\WindowsPowerShell\v1.0\;C:\Program Files (x86)\Microsoft Application Virtualization Client;C:\Program Files\MySQL\MySQL Server 5.5\bin;C:\EbsTooling\Oracle\Middleware11121\modules\org.apache.ant_1.7.1\bin;C:\app\apache-maven-3.0.4\\bin;C:\app\java\jdk1.7.0_04\bin;C:\Python27_32\;C:\Python27_32\\Scripts;C:\cygwin\\bin;;., java.vendor.url=http://java.oracle.com/, env.CLASSWORLDS_LAUNCHER=org.codehaus.plexus.classworlds.launcher.Launcher, env.PSMODULEPATH=C:\Windows\system32\WindowsPowerShell\v1.0\Modules\, env.USERDNSDOMAIN=MY.COMPANY.CORP, env.COMMONPROGRAMFILES(X86)=C:\Program Files (x86)\Common Files, env.MAVEN_CMD_LINE_ARGS=clean package -X, java.vm.vendor=Oracle Corporation, java.runtime.name=Java(TM) SE Runtime Environment, maven.home=C:\app\apache-maven-3.0.4, java.class.path=C:\app\apache-maven-3.0.4\boot\plexus-classworlds-2.4.jar, sun.java.command=org.codehaus.plexus.classworlds.launcher.Launcher clean package -X, env.PROGRAMW6432=C:\Program Files, maven.version=3.0.4, env.MAVEN_JAVA_EXE="C:\app\java\jdk1.7.0_04\bin\java.exe", env.PROGRAMFILES(X86)=C:\Program Files (x86), java.vm.specification.name=Java Virtual Machine Specification, env.LOGONSERVER=\\AP-MNL-DC01, env.PROCESSOR_ARCHITECTURE=AMD64, java.vm.specification.version=1.7, env.COMMONPROGRAMW6432=C:\Program Files\Common Files, sun.os.patch.level=Service Pack 1, sun.cpu.endian=little, env.HOME=C:\Users\Allan.See, env.ANT_HOME=C:\EbsTooling\Oracle\Middleware11121\modules\org.apache.ant_1.7.1, env.PROCESSOR_REVISION=2a07, env.UATDATA=C:\Windows\SysWOW64\CCM\UATData\D9F8C395-CAB8-491d-B8AC-179A1FE1BE77, java.io.tmpdir=C:\Users\Allan.See\AppData\Local\Temp\, java.vendor.url.bug=http://bugreport.sun.com/bugreport/, env.COMSPEC=C:\Windows\system32\cmd.exe, env.PROGRAMDATA=C:\ProgramData, java.awt.graphicsenv=sun.awt.Win32GraphicsEnvironment, os.arch=amd64, env.SFT_SOFTGRIDSERVER=us-voo-appv01.mY.COMPANY.CORP, java.ext.dirs=C:\app\java\jdk1.7.0_04\jre\lib\ext;C:\Windows\Sun\Java\lib\ext, user.dir=C:\src\glassfish-does-not-shutdown-after-ctrl-c-while-in-cargo-run-in-windows, env.LOCALAPPDATA=C:\Users\Allan.See\AppData\Local, line.separator=
, java.vm.name=Java HotSpot(TM) 64-Bit Server VM, env.CLASSWORLDS_JAR="C:\app\apache-maven-3.0.4\boot\plexus-classworlds-2.4.jar", env.PATHEXT=.COM;.EXE;.BAT;.CMD;.VBS;.VBE;.JS;.JSE;.WSF;.WSH;.MSC, env.ERROR_CODE=0, env.USERNAME=Allan.See, file.encoding=Cp1252, env.USERDOMAIN=INTERNAL, java.specification.version=1.7, env.=C:=C:\src\glassfish-does-not-shutdown-after-ctrl-c-while-in-cargo-run-in-windows, env.PROCESSOR_LEVEL=6}
[INFO] Processing war project
[INFO] Copying webapp resources [C:\src\glassfish-does-not-shutdown-after-ctrl-c-while-in-cargo-run-in-windows\src\main\webapp]
[DEBUG]  + index.jsp has been copied.
[DEBUG]  + WEB-INF/web.xml has been copied.
[DEBUG] Dump of the current build pathSet content -->
[DEBUG] index.jsp
[DEBUG] WEB-INF/web.xml
[DEBUG] -- end of dump --
[DEBUG]  + WEB-INF/classes/sample/cargo/SomeClass.class has been copied.
[INFO] Webapp assembled in [24 msecs]
[DEBUG] Excluding [] from the generated webapp archive.
[DEBUG] Including [**] in the generated webapp archive.
[INFO] Building war: C:\src\glassfish-does-not-shutdown-after-ctrl-c-while-in-cargo-run-in-windows\target\glassfish-does-not-shutdown-after-ctrl-c-while-in-cargo-run-in-windows-1.0-SNAPSHOT.war
[DEBUG] adding directory META-INF/
[DEBUG] adding entry META-INF/MANIFEST.MF
[DEBUG] adding directory WEB-INF/
[DEBUG] adding directory WEB-INF/classes/
[DEBUG] adding directory WEB-INF/classes/sample/
[DEBUG] adding directory WEB-INF/classes/sample/cargo/
[DEBUG] adding entry index.jsp
[DEBUG] adding entry WEB-INF/classes/sample/cargo/SomeClass.class
[DEBUG] adding entry WEB-INF/web.xml
[WARNING] Warning: selected war files include a WEB-INF/web.xml which will be ignored 
(webxml attribute is missing from war task, or ignoreWebxml attribute is specified as 'true')
[DEBUG] adding directory META-INF/maven/
[DEBUG] adding directory META-INF/maven/sample.cargo/
[DEBUG] adding directory META-INF/maven/sample.cargo/glassfish-does-not-shutdown-after-ctrl-c-while-in-cargo-run-in-windows/
[DEBUG] adding entry META-INF/maven/sample.cargo/glassfish-does-not-shutdown-after-ctrl-c-while-in-cargo-run-in-windows/pom.xml
[DEBUG] adding entry META-INF/maven/sample.cargo/glassfish-does-not-shutdown-after-ctrl-c-while-in-cargo-run-in-windows/pom.properties
[INFO] ------------------------------------------------------------------------
[INFO] BUILD SUCCESS
[INFO] ------------------------------------------------------------------------
[INFO] Total time: 2.123s
[INFO] Finished at: Sun Jun 03 07:39:01 SGT 2012
[INFO] Final Memory: 18M/178M
[INFO] ------------------------------------------------------------------------
